2023-10-03 14:19:56.137-05:00 ERROR c.m.applicationinsights.agent - 
*************************
Application Insights Java Agent 3.4.4 startup failed (PID 14532)
*************************

Description:
No connection string provided

Action:
Please provide connection string.

2023-10-03 14:23:07.433-05:00 ERROR c.m.applicationinsights.agent - 
*************************
Application Insights Java Agent 3.4.4 startup failed (PID 34432)
*************************

Description:
No connection string provided

Action:
Please provide connection string.

2023-10-03 14:25:51.136-05:00 ERROR c.m.applicationinsights.agent - 
*************************
Application Insights Java Agent 3.4.4 startup failed (PID 40684)
*************************

Description:
No connection string provided

Action:
Please provide connection string.

2023-10-03 14:26:48.392-05:00 ERROR c.m.applicationinsights.agent - 
*************************
Application Insights Java Agent 3.4.4 startup failed (PID 39588)
*************************

Description:
No connection string provided

Action:
Please provide connection string.

2023-10-03 14:28:00.468-05:00 ERROR c.m.applicationinsights.agent - 
*************************
Application Insights Java Agent 3.4.4 startup failed (PID 8224)
*************************

Description:
No connection string provided

Action:
Please provide connection string.

2023-10-03 14:29:16.481-05:00 ERROR c.m.applicationinsights.agent - 
*************************
Application Insights Java Agent 3.4.4 startup failed (PID 26840)
*************************

Description:
No connection string provided

Action:
Please provide connection string.

2023-10-03 14:30:00.878-05:00 ERROR c.m.applicationinsights.agent - 
*************************
Application Insights Java Agent 3.4.4 startup failed (PID 40040)
*************************

Description:
No connection string provided

Action:
Please provide connection string.

2023-10-03 14:38:24.886-05:00 ERROR c.m.applicationinsights.agent - 
*************************
Application Insights Java Agent 3.4.4 startup failed (PID 40208)
*************************

Description:
No connection string provided

Action:
Please provide connection string.

2023-10-03 14:43:53.640-05:00 ERROR c.m.applicationinsights.agent - 
*************************
Application Insights Java Agent 3.4.4 startup failed (PID 32060)
*************************

Description:
No connection string provided

Action:
Please provide connection string.

2023-10-04 09:58:30.468-05:00 ERROR c.m.applicationinsights.agent - 
*************************
Application Insights Java Agent 3.4.4 startup failed (PID 14164)
*************************

Description:
No connection string provided

Action:
Please provide connection string.

2023-10-04 10:11:30.365-05:00 ERROR c.m.applicationinsights.agent - 
*************************
Application Insights Java Agent 3.4.4 startup failed (PID 28876)
*************************

Description:
No connection string provided

Action:
Please provide connection string.

2023-10-05 15:15:52.084-05:00 ERROR c.m.applicationinsights.agent - 
*************************
Application Insights Java Agent 3.4.4 startup failed (PID 12308)
*************************

Description:
No connection string provided

Action:
Please provide connection string.

2023-10-05 15:22:01.965-05:00 ERROR c.m.applicationinsights.agent - 
*************************
Application Insights Java Agent 3.4.4 startup failed (PID 35704)
*************************

Description:
No connection string provided

Action:
Please provide connection string.

2023-10-05 15:23:55.298-05:00 ERROR c.m.applicationinsights.agent - 
*************************
Application Insights Java Agent 3.4.4 startup failed (PID 29992)
*************************

Description:
No connection string provided

Action:
Please provide connection string.

2023-10-05 15:25:44.051-05:00 ERROR c.m.applicationinsights.agent - 
*************************
Application Insights Java Agent 3.4.4 startup failed (PID 32996)
*************************

Description:
No connection string provided

Action:
Please provide connection string.

2023-10-05 15:33:02.626-05:00 ERROR c.m.applicationinsights.agent - 
*************************
Application Insights Java Agent 3.4.4 startup failed (PID 35992)
*************************

Description:
No connection string provided

Action:
Please provide connection string.

2023-10-05 15:40:00.798-05:00 ERROR c.m.applicationinsights.agent - 
*************************
Application Insights Java Agent 3.4.4 startup failed (PID 31580)
*************************

Description:
No connection string provided

Action:
Please provide connection string.

2023-10-05 15:41:33.705-05:00 ERROR c.m.applicationinsights.agent - 
*************************
Application Insights Java Agent 3.4.4 startup failed (PID 31440)
*************************

Description:
No connection string provided

Action:
Please provide connection string.

2023-10-05 15:45:43.807-05:00 ERROR c.m.applicationinsights.agent - 
*************************
Application Insights Java Agent 3.4.4 startup failed (PID 24400)
*************************

Description:
No connection string provided

Action:
Please provide connection string.

2023-10-05 15:50:07.749-05:00 ERROR c.m.applicationinsights.agent - 
*************************
Application Insights Java Agent 3.4.4 startup failed (PID 33552)
*************************

Description:
No connection string provided

Action:
Please provide connection string.

2023-10-05 15:54:16.344-05:00 ERROR c.m.applicationinsights.agent - 
*************************
Application Insights Java Agent 3.4.4 startup failed (PID 40648)
*************************

Description:
No connection string provided

Action:
Please provide connection string.

2023-10-05 15:59:34.735-05:00 ERROR c.m.applicationinsights.agent - 
*************************
Application Insights Java Agent 3.4.4 startup failed (PID 46060)
*************************

Description:
No connection string provided

Action:
Please provide connection string.

2023-10-05 16:04:01.886-05:00 ERROR c.m.applicationinsights.agent - 
*************************
Application Insights Java Agent 3.4.4 startup failed (PID 38172)
*************************

Description:
No connection string provided

Action:
Please provide connection string.

2023-10-05 16:25:04.549-05:00 ERROR c.m.applicationinsights.agent - 
*************************
Application Insights Java Agent 3.4.4 startup failed (PID 44384)
*************************

Description:
No connection string provided

Action:
Please provide connection string.

2023-10-05 18:32:53.938-05:00 ERROR c.m.applicationinsights.agent - 
*************************
Application Insights Java Agent 3.4.4 startup failed (PID 7904)
*************************

Description:
No connection string provided

Action:
Please provide connection string.

2023-10-05 18:59:31.058-05:00 ERROR c.m.applicationinsights.agent - 
*************************
Application Insights Java Agent 3.4.4 startup failed (PID 27924)
*************************

Description:
No connection string provided

Action:
Please provide connection string.

2023-10-13 16:26:32.085-05:00 ERROR c.m.applicationinsights.agent - 
*************************
Application Insights Java Agent 3.4.4 startup failed (PID 33316)
*************************

Description:
No connection string provided

Action:
Please provide connection string.

2023-10-13 16:31:53.109-05:00 ERROR c.m.applicationinsights.agent - 
*************************
Application Insights Java Agent 3.4.4 startup failed (PID 21124)
*************************

Description:
No connection string provided

Action:
Please provide connection string.

2023-10-13 16:32:26.286-05:00 ERROR c.m.applicationinsights.agent - 
*************************
Application Insights Java Agent 3.4.4 startup failed (PID 33372)
*************************

Description:
No connection string provided

Action:
Please provide connection string.

2023-10-13 16:34:23.673-05:00 ERROR c.m.applicationinsights.agent - 
*************************
Application Insights Java Agent 3.4.4 startup failed (PID 28076)
*************************

Description:
No connection string provided

Action:
Please provide connection string.

2023-10-16 15:03:50.619-05:00 ERROR c.m.applicationinsights.agent - 
*************************
Application Insights Java Agent 3.4.4 startup failed (PID 11004)
*************************

Description:
No connection string provided

Action:
Please provide connection string.

2023-10-16 15:08:16.186-05:00 ERROR c.m.applicationinsights.agent - 
*************************
Application Insights Java Agent 3.4.4 startup failed (PID 38736)
*************************

Description:
No connection string provided

Action:
Please provide connection string.

2023-10-16 15:11:16.456-05:00 ERROR c.m.applicationinsights.agent - 
*************************
Application Insights Java Agent 3.4.4 startup failed (PID 16180)
*************************

Description:
No connection string provided

Action:
Please provide connection string.

2023-10-16 15:20:01.267-05:00 ERROR c.m.applicationinsights.agent - 
*************************
Application Insights Java Agent 3.4.4 startup failed (PID 36552)
*************************

Description:
No connection string provided

Action:
Please provide connection string.

2023-10-16 15:24:57.053-05:00 ERROR c.m.applicationinsights.agent - 
*************************
Application Insights Java Agent 3.4.4 startup failed (PID 34448)
*************************

Description:
No connection string provided

Action:
Please provide connection string.

